<?xml version="1.0" encoding="UTF-8"?>
<!-- Generated by org.testng.reporters.JUnitXMLReporter -->
<testsuite hostname="LAPTOP-CGAD29A5" ignored="0" name="Test" tests="1" failures="1" timestamp="2021-12-18T14:33:05 IST" time="18.645" errors="0">
  <testcase name="BeginPage" time="18.556" classname="Testcases.Beginhomepage">
    <failure type="java.lang.IndexOutOfBoundsException" message="Index: 2, Size: 2">
      <![CDATA[java.lang.IndexOutOfBoundsException: Index: 2, Size: 2
at java.util.ArrayList.rangeCheck(Unknown Source)
at java.util.ArrayList.get(Unknown Source)
at Testcases.Beginhomepage.BeginPage(Beginhomepage.java:34)
at java.util.ArrayList.forEach(Unknown Source)
... Removed 27 stack frames]]>
    </failure>
  </testcase> <!-- BeginPage -->
</testsuite> <!-- Test -->
